[START][2023-12-06 22:31:07] LSP logging initiated
[ERROR][2023-12-06 22:31:07] .../vim/lsp/rpc.lua:734	"rpc"	"java"	"stderr"	"Error: Unable to access jarfile /path/to/jdtls_install_location/plugins/org.eclipse.equinox.launcher_VERSION_NUMBER.jar\n"
[ERROR][2023-12-06 22:31:36] .../vim/lsp/rpc.lua:734	"rpc"	"java"	"stderr"	"Error: Unable to access jarfile /path/to/jdtls_install_location/plugins/org.eclipse.equinox.launcher_VERSION_NUMBER.jar\n"
[START][2023-12-06 22:33:11] LSP logging initiated
[ERROR][2023-12-06 22:33:11] .../vim/lsp/rpc.lua:734	"rpc"	"java"	"stderr"	"WARNING: Using incubator modules: jdk.incubator.vector, jdk.incubator.foreign\n"
[ERROR][2023-12-06 22:33:11] .../vim/lsp/rpc.lua:734	"rpc"	"java"	"stderr"	"An exception occurred while writing to the platform log:\n"
[ERROR][2023-12-06 22:33:11] .../vim/lsp/rpc.lua:734	"rpc"	"java"	"stderr"	"java.io.FileNotFoundException: /path/to/jdtls_install_location/config_SYSTEM/1701930791563.log (No such file or directory)\n"
[ERROR][2023-12-06 22:33:11] .../vim/lsp/rpc.lua:734	"rpc"	"java"	"stderr"	"\tat java.base/java.io.FileOutputStream.open0(Native Method)\n\tat java.base/java.io.FileOutputStream.open(FileOutputStream.java:293)\n\tat java.base/java.io.FileOutputStream.<init>(FileOutputStream.java:235)\n"
[ERROR][2023-12-06 22:33:11] .../vim/lsp/rpc.lua:734	"rpc"	"java"	"stderr"	"\tat java.base/java.io.FileOutputStream.<init>(FileOutputStream.java:155)\n\tat org.eclipse.equinox.launcher.Main.openLogFile(Main.java:2506)\n\tat org.eclipse.equinox.launcher.Main.log(Main.java:2388)\n\tat org.eclipse.equinox.launcher.Main.extractFromJAR(Main.java:2325)\n\tat org.eclipse.equinox.launcher.Main.getLibraryFromFragment(Main.java:535)\n"
[ERROR][2023-12-06 22:33:11] .../vim/lsp/rpc.lua:734	"rpc"	"java"	"stderr"	"\tat org.eclipse.equinox.launcher.Main.getLibraryPath(Main.java:495)\n\tat org.eclipse.equinox.launcher.Main.setupJNI(Main.java:448)\n\tat org.eclipse.equinox.launcher.Main.basicRun(Main.java:579)\n"
[ERROR][2023-12-06 22:33:11] .../vim/lsp/rpc.lua:734	"rpc"	"java"	"stderr"	"\tat org.eclipse.equinox.launcher.Main.run(Main.java:1467)\n\tat org.eclipse.equinox.launcher.Main.main(Main.java:1440)\n"
[ERROR][2023-12-06 22:33:11] .../vim/lsp/rpc.lua:734	"rpc"	"java"	"stderr"	"Logging to the console instead.\n"
[ERROR][2023-12-06 22:33:11] .../vim/lsp/rpc.lua:734	"rpc"	"java"	"stderr"	"!ENTRY org.eclipse.equinox.launcher 4 0 2023-12-06 22:33:11.565\n!MESSAGE Exception looking for eclipse_11600.so in JAR file: /Volumes/trash/trash/lsp/jdt/plugins/org.eclipse.equinox.launcher.cocoa.macosx.x86_64_1.2.400.v20211117-0650.jar\n"
[ERROR][2023-12-06 22:33:11] .../vim/lsp/rpc.lua:734	"rpc"	"java"	"stderr"	"An exception occurred while writing to the platform log:\n"
[ERROR][2023-12-06 22:33:11] .../vim/lsp/rpc.lua:734	"rpc"	"java"	"stderr"	"java.io.FileNotFoundException: /path/to/jdtls_install_location/config_SYSTEM/1701930791563.log (No such file or directory)\n"
[ERROR][2023-12-06 22:33:11] .../vim/lsp/rpc.lua:734	"rpc"	"java"	"stderr"	"\tat java.base/java.io.FileOutputStream.open0(Native Method)\n"
[ERROR][2023-12-06 22:33:11] .../vim/lsp/rpc.lua:734	"rpc"	"java"	"stderr"	"\tat java.base/java.io.FileOutputStream.open(FileOutputStream.java:293)\n\tat java.base/java.io.FileOutputStream.<init>(FileOutputStream.java:235)\n"
[ERROR][2023-12-06 22:33:11] .../vim/lsp/rpc.lua:734	"rpc"	"java"	"stderr"	"\tat java.base/java.io.FileOutputStream.<init>(FileOutputStream.java:155)\n\tat org.eclipse.equinox.launcher.Main.openLogFile(Main.java:2506)\n\tat org.eclipse.equinox.launcher.Main.log(Main.java:2388)\n"
[ERROR][2023-12-06 22:33:11] .../vim/lsp/rpc.lua:734	"rpc"	"java"	"stderr"	"\tat org.eclipse.equinox.launcher.Main.extractFromJAR(Main.java:2326)\n\tat org.eclipse.equinox.launcher.Main.getLibraryFromFragment(Main.java:535)\n\tat org.eclipse.equinox.launcher.Main.getLibraryPath(Main.java:495)\n\tat org.eclipse.equinox.launcher.Main.setupJNI(Main.java:448)\n\tat org.eclipse.equinox.launcher.Main.basicRun(Main.java:579)\n\tat org.eclipse.equinox.launcher.Main.run(Main.java:1467)\n"
[ERROR][2023-12-06 22:33:11] .../vim/lsp/rpc.lua:734	"rpc"	"java"	"stderr"	"\tat org.eclipse.equinox.launcher.Main.main(Main.java:1440)\nLogging to the console instead.\n"
[ERROR][2023-12-06 22:33:11] .../vim/lsp/rpc.lua:734	"rpc"	"java"	"stderr"	"!STACK\njava.nio.file.FileSystemException: /path: Read-only file system\n\tat java.base/sun.nio.fs.UnixException.translateToIOException(UnixException.java:100)\n\tat java.base/sun.nio.fs.UnixException.rethrowAsIOException(UnixException.java:106)\n\tat java.base/sun.nio.fs.UnixException.rethrowAsIOException(UnixException.java:111)\n\tat java.base/sun.nio.fs.UnixFileSystemProvider.createDirectory(UnixFileSystemProvider.java:397)\n\tat java.base/java.nio.file.Files.createDirectory(Files.java:700)\n\tat java.base/java.nio.file.Files.createAndCheckIsDirectory(Files.java:807)\n\tat java.base/java.nio.file.Files.createDirectories(Files.java:793)\n\tat org.eclipse.equinox.launcher.Main.extractFromJAR(Main.java:2313)\n\tat org.eclipse.equinox.launcher.Main.getLibraryFromFragment(Main.java:535)\n\tat org.eclipse.equinox.launcher.Main.getLibraryPath(Main.java:495)\n\tat org.eclipse.equinox.launcher.Main.setupJNI(Main.java:448)\n\tat org.eclipse.equinox.launcher.Main.basicRun(Main.java:579)\n\tat org.eclipse.equinox.launcher.Main.run(Main.java:1467)\n\tat org.eclipse.equinox.launcher.Main.main(Main.java:1440)\n\n"
[START][2023-12-06 22:34:14] LSP logging initiated
[ERROR][2023-12-06 22:34:14] .../vim/lsp/rpc.lua:734	"rpc"	"java"	"stderr"	"WARNING: Using incubator modules: jdk.incubator.vector, jdk.incubator.foreign\n"
[START][2023-12-06 22:36:14] LSP logging initiated
[ERROR][2023-12-06 22:36:14] .../vim/lsp/rpc.lua:734	"rpc"	"/Users/sarnobat/.sdkman/candidates/java/current/bin/java"	"stderr"	"WARNING: Using incubator modules: jdk.incubator.vector, jdk.incubator.foreign\n"
[START][2023-12-06 22:36:35] LSP logging initiated
[ERROR][2023-12-06 22:36:35] .../vim/lsp/rpc.lua:734	"rpc"	"/Users/sarnobat/.sdkman/candidates/java/current/bin/java"	"stderr"	"WARNING: Using incubator modules: jdk.incubator.vector, jdk.incubator.foreign\n"
[ERROR][2023-12-06 22:38:22] .../vim/lsp/rpc.lua:734	"rpc"	"/Users/sarnobat/.sdkman/candidates/java/current/bin/java"	"stderr"	"WARNING: Using incubator modules: jdk.incubator.foreign, jdk.incubator.vector\n"
[START][2023-12-06 22:40:32] LSP logging initiated
[ERROR][2023-12-06 22:40:32] .../vim/lsp/rpc.lua:734	"rpc"	"/Users/sarnobat/.sdkman/candidates/java/current/bin/java"	"stderr"	"WARNING: Using incubator modules: jdk.incubator.vector, jdk.incubator.foreign\n"
[START][2023-12-06 22:41:32] LSP logging initiated
[ERROR][2023-12-06 22:41:32] .../vim/lsp/rpc.lua:734	"rpc"	"/Users/sarnobat/.sdkman/candidates/java/current/bin/java"	"stderr"	"WARNING: Using incubator modules: jdk.incubator.vector, jdk.incubator.foreign\n"
[ERROR][2023-12-06 22:41:34] .../vim/lsp/rpc.lua:734	"rpc"	"/Users/sarnobat/.sdkman/candidates/java/current/bin/java"	"stderr"	'SLF4J: Failed to load class "org.slf4j.impl.StaticLoggerBinder".\nSLF4J: Defaulting to no-operation (NOP) logger implementation\nSLF4J: See http://www.slf4j.org/codes.html#StaticLoggerBinder for further details.\n'
[WARN][2023-12-06 22:41:38] .../lua/vim/lsp.lua:1072	"server_request: no handler found for"	"workspace/inlayHint/refresh"
[WARN][2023-12-06 22:41:39] ...lsp/handlers.lua:137	"The language server jdtls triggers a registerCapability handler despite dynamicRegistration set to false. Report upstream, this warning is harmless"
[START][2023-12-06 22:47:47] LSP logging initiated
[ERROR][2023-12-06 22:47:47] .../vim/lsp/rpc.lua:734	"rpc"	"/Users/sarnobat/.sdkman/candidates/java/current/bin/java"	"stderr"	"WARNING: Using incubator modules: jdk.incubator.foreign, jdk.incubator.vector\n"
[ERROR][2023-12-06 22:47:48] .../vim/lsp/rpc.lua:734	"rpc"	"/Users/sarnobat/.sdkman/candidates/java/current/bin/java"	"stderr"	'SLF4J: Failed to load class "org.slf4j.impl.StaticLoggerBinder".\nSLF4J: Defaulting to no-operation (NOP) logger implementation\nSLF4J: See http://www.slf4j.org/codes.html#StaticLoggerBinder for further details.\n'
[WARN][2023-12-06 22:47:50] .../lua/vim/lsp.lua:1072	"server_request: no handler found for"	"workspace/inlayHint/refresh"
[WARN][2023-12-06 22:47:51] ...lsp/handlers.lua:137	"The language server jdtls triggers a registerCapability handler despite dynamicRegistration set to false. Report upstream, this warning is harmless"
[START][2023-12-07 21:40:11] LSP logging initiated
[ERROR][2023-12-07 21:40:11] .../vim/lsp/rpc.lua:734	"rpc"	"/Users/sarnobat/.sdkman/candidates/java/current/bin/java"	"stderr"	"WARNING: Using incubator modules: jdk.incubator.vector, jdk.incubator.foreign\n"
[ERROR][2023-12-07 21:40:12] .../vim/lsp/rpc.lua:734	"rpc"	"/Users/sarnobat/.sdkman/candidates/java/current/bin/java"	"stderr"	'SLF4J: Failed to load class "org.slf4j.impl.StaticLoggerBinder".\n'
[ERROR][2023-12-07 21:40:12] .../vim/lsp/rpc.lua:734	"rpc"	"/Users/sarnobat/.sdkman/candidates/java/current/bin/java"	"stderr"	"SLF4J: Defaulting to no-operation (NOP) logger implementation\nSLF4J: See http://www.slf4j.org/codes.html#StaticLoggerBinder for further details.\n"
[WARN][2023-12-07 21:40:15] .../lua/vim/lsp.lua:1072	"server_request: no handler found for"	"workspace/inlayHint/refresh"
[WARN][2023-12-07 21:40:16] ...lsp/handlers.lua:137	"The language server jdtls triggers a registerCapability handler despite dynamicRegistration set to false. Report upstream, this warning is harmless"
[START][2023-12-07 21:42:28] LSP logging initiated
[ERROR][2023-12-07 21:42:28] .../vim/lsp/rpc.lua:734	"rpc"	"/Users/sarnobat/.sdkman/candidates/java/current/bin/java"	"stderr"	"WARNING: Using incubator modules: jdk.incubator.vector, jdk.incubator.foreign\n"
[ERROR][2023-12-07 21:42:29] .../vim/lsp/rpc.lua:734	"rpc"	"/Users/sarnobat/.sdkman/candidates/java/current/bin/java"	"stderr"	'SLF4J: Failed to load class "org.slf4j.impl.StaticLoggerBinder".\nSLF4J: Defaulting to no-operation (NOP) logger implementation\nSLF4J: See http://www.slf4j.org/codes.html#StaticLoggerBinder for further details.\n'
[WARN][2023-12-07 21:42:31] .../lua/vim/lsp.lua:1072	"server_request: no handler found for"	"workspace/inlayHint/refresh"
[WARN][2023-12-07 21:42:32] ...lsp/handlers.lua:137	"The language server jdtls triggers a registerCapability handler despite dynamicRegistration set to false. Report upstream, this warning is harmless"
[START][2023-12-07 22:04:20] LSP logging initiated
[ERROR][2023-12-07 22:04:20] .../vim/lsp/rpc.lua:734	"rpc"	"/Users/sarnobat/.sdkman/candidates/java/current/bin/java"	"stderr"	"WARNING: Using incubator modules: jdk.incubator.vector, jdk.incubator.foreign\n"
[ERROR][2023-12-07 22:04:21] .../vim/lsp/rpc.lua:734	"rpc"	"/Users/sarnobat/.sdkman/candidates/java/current/bin/java"	"stderr"	'SLF4J: Failed to load class "org.slf4j.impl.StaticLoggerBinder".\nSLF4J: Defaulting to no-operation (NOP) logger implementation\nSLF4J: See http://www.slf4j.org/codes.html#StaticLoggerBinder for further details.\n'
[WARN][2023-12-07 22:04:22] .../lua/vim/lsp.lua:1072	"server_request: no handler found for"	"workspace/inlayHint/refresh"
[WARN][2023-12-07 22:04:24] ...lsp/handlers.lua:137	"The language server jdtls triggers a registerCapability handler despite dynamicRegistration set to false. Report upstream, this warning is harmless"
[ERROR][2023-12-07 22:04:35] ...lsp/handlers.lua:535	'Dec 7, 2023, 10:04:35 PM Error occured while building workspace. Details: \n message: Syntax error on token "dfadasf", delete this token; code: 1610612968; resource: /Volumes/git/github/java_aotc_helloworld/src/main/java/oracle/HelloWorld.java; line: 1'
[START][2023-12-07 22:07:25] LSP logging initiated
[ERROR][2023-12-07 22:07:25] .../vim/lsp/rpc.lua:734	"rpc"	"/Users/sarnobat/.sdkman/candidates/java/current/bin/java"	"stderr"	"WARNING: Using incubator modules: jdk.incubator.foreign, jdk.incubator.vector\n"
[ERROR][2023-12-07 22:07:26] .../vim/lsp/rpc.lua:734	"rpc"	"/Users/sarnobat/.sdkman/candidates/java/current/bin/java"	"stderr"	'SLF4J: Failed to load class "org.slf4j.impl.StaticLoggerBinder".\nSLF4J: Defaulting to no-operation (NOP) logger implementation\nSLF4J: See http://www.slf4j.org/codes.html#StaticLoggerBinder for further details.\n'
[WARN][2023-12-07 22:07:27] .../lua/vim/lsp.lua:1072	"server_request: no handler found for"	"workspace/inlayHint/refresh"
[WARN][2023-12-07 22:07:28] ...lsp/handlers.lua:137	"The language server jdtls triggers a registerCapability handler despite dynamicRegistration set to false. Report upstream, this warning is harmless"
[START][2023-12-07 22:14:11] LSP logging initiated
[ERROR][2023-12-07 22:14:11] .../vim/lsp/rpc.lua:734	"rpc"	"/Users/sarnobat/.sdkman/candidates/java/current/bin/java"	"stderr"	"WARNING: Using incubator modules: jdk.incubator.foreign, jdk.incubator.vector\n"
[ERROR][2023-12-07 22:14:12] .../vim/lsp/rpc.lua:734	"rpc"	"/Users/sarnobat/.sdkman/candidates/java/current/bin/java"	"stderr"	'SLF4J: Failed to load class "org.slf4j.impl.StaticLoggerBinder".\nSLF4J: Defaulting to no-operation (NOP) logger implementation\nSLF4J: See http://www.slf4j.org/codes.html#StaticLoggerBinder for further details.\n'
[WARN][2023-12-07 22:14:26] .../lua/vim/lsp.lua:1072	"server_request: no handler found for"	"workspace/inlayHint/refresh"
[WARN][2023-12-07 22:14:26] ...lsp/handlers.lua:137	"The language server jdtls triggers a registerCapability handler despite dynamicRegistration set to false. Report upstream, this warning is harmless"
[START][2023-12-07 22:17:45] LSP logging initiated
[ERROR][2023-12-07 22:17:45] .../vim/lsp/rpc.lua:734	"rpc"	"/Users/sarnobat/.sdkman/candidates/java/current/bin/java"	"stderr"	"WARNING: Using incubator modules: jdk.incubator.vector, jdk.incubator.foreign\n"
[ERROR][2023-12-07 22:17:46] .../vim/lsp/rpc.lua:734	"rpc"	"/Users/sarnobat/.sdkman/candidates/java/current/bin/java"	"stderr"	'SLF4J: Failed to load class "org.slf4j.impl.StaticLoggerBinder".\nSLF4J: Defaulting to no-operation (NOP) logger implementation\nSLF4J: See http://www.slf4j.org/codes.html#StaticLoggerBinder for further details.\n'
[WARN][2023-12-07 22:17:53] .../lua/vim/lsp.lua:1072	"server_request: no handler found for"	"workspace/inlayHint/refresh"
[WARN][2023-12-07 22:17:53] ...lsp/handlers.lua:137	"The language server jdtls triggers a registerCapability handler despite dynamicRegistration set to false. Report upstream, this warning is harmless"
[START][2023-12-07 22:36:35] LSP logging initiated
[ERROR][2023-12-07 22:36:35] .../vim/lsp/rpc.lua:734	"rpc"	"/Users/sarnobat/.sdkman/candidates/java/current/bin/java"	"stderr"	"WARNING: Using incubator modules: jdk.incubator.foreign, jdk.incubator.vector\n"
[START][2023-12-07 22:38:28] LSP logging initiated
[ERROR][2023-12-07 22:38:28] .../vim/lsp/rpc.lua:734	"rpc"	"/Users/sarnobat/.sdkman/candidates/java/current/bin/java"	"stderr"	"WARNING: Using incubator modules: jdk.incubator.foreign, jdk.incubator.vector\n"
[ERROR][2023-12-07 22:38:29] .../vim/lsp/rpc.lua:734	"rpc"	"/Users/sarnobat/.sdkman/candidates/java/current/bin/java"	"stderr"	'SLF4J: Failed to load class "org.slf4j.impl.StaticLoggerBinder".\nSLF4J: Defaulting to no-operation (NOP) logger implementation\nSLF4J: See http://www.slf4j.org/codes.html#StaticLoggerBinder for further details.\n'
[WARN][2023-12-07 22:38:31] .../lua/vim/lsp.lua:1072	"server_request: no handler found for"	"workspace/inlayHint/refresh"
[WARN][2023-12-07 22:38:32] ...lsp/handlers.lua:137	"The language server jdtls triggers a registerCapability handler despite dynamicRegistration set to false. Report upstream, this warning is harmless"
[START][2023-12-07 23:21:58] LSP logging initiated
[ERROR][2023-12-07 23:21:58] .../vim/lsp/rpc.lua:734	"rpc"	"/Users/sarnobat/.sdkman/candidates/java/current/bin/java"	"stderr"	"WARNING: Using incubator modules: jdk.incubator.vector, jdk.incubator.foreign\n"
[ERROR][2023-12-07 23:21:59] .../vim/lsp/rpc.lua:734	"rpc"	"/Users/sarnobat/.sdkman/candidates/java/current/bin/java"	"stderr"	'SLF4J: Failed to load class "org.slf4j.impl.StaticLoggerBinder".\nSLF4J: Defaulting to no-operation (NOP) logger implementation\nSLF4J: See http://www.slf4j.org/codes.html#StaticLoggerBinder for further details.\n'
[WARN][2023-12-07 23:22:01] .../lua/vim/lsp.lua:1072	"server_request: no handler found for"	"workspace/inlayHint/refresh"
[WARN][2023-12-07 23:22:03] ...lsp/handlers.lua:137	"The language server jdtls triggers a registerCapability handler despite dynamicRegistration set to false. Report upstream, this warning is harmless"
[START][2023-12-08 00:00:10] LSP logging initiated
[ERROR][2023-12-08 00:00:10] .../vim/lsp/rpc.lua:734	"rpc"	"/Users/sarnobat/.sdkman/candidates/java/current/bin/java"	"stderr"	"WARNING: Using incubator modules: jdk.incubator.foreign, jdk.incubator.vector\n"
[ERROR][2023-12-08 00:00:11] .../vim/lsp/rpc.lua:734	"rpc"	"/Users/sarnobat/.sdkman/candidates/java/current/bin/java"	"stderr"	'SLF4J: Failed to load class "org.slf4j.impl.StaticLoggerBinder".\nSLF4J: Defaulting to no-operation (NOP) logger implementation\nSLF4J: See http://www.slf4j.org/codes.html#StaticLoggerBinder for further details.\n'
[WARN][2023-12-08 00:00:13] .../lua/vim/lsp.lua:1072	"server_request: no handler found for"	"workspace/inlayHint/refresh"
[WARN][2023-12-08 00:00:14] ...lsp/handlers.lua:137	"The language server jdtls triggers a registerCapability handler despite dynamicRegistration set to false. Report upstream, this warning is harmless"
[START][2023-12-08 00:13:39] LSP logging initiated
[ERROR][2023-12-08 00:13:39] .../vim/lsp/rpc.lua:734	"rpc"	"/Users/sarnobat/.sdkman/candidates/java/current/bin/java"	"stderr"	"WARNING: Using incubator modules: jdk.incubator.vector, jdk.incubator.foreign\n"
[ERROR][2023-12-08 00:13:40] .../vim/lsp/rpc.lua:734	"rpc"	"/Users/sarnobat/.sdkman/candidates/java/current/bin/java"	"stderr"	'SLF4J: Failed to load class "org.slf4j.impl.StaticLoggerBinder".\nSLF4J: Defaulting to no-operation (NOP) logger implementation\nSLF4J: See http://www.slf4j.org/codes.html#StaticLoggerBinder for further details.\n'
[WARN][2023-12-08 00:13:42] .../lua/vim/lsp.lua:1072	"server_request: no handler found for"	"workspace/inlayHint/refresh"
[WARN][2023-12-08 00:13:43] ...lsp/handlers.lua:137	"The language server jdtls triggers a registerCapability handler despite dynamicRegistration set to false. Report upstream, this warning is harmless"
[START][2023-12-08 01:18:55] LSP logging initiated
[ERROR][2023-12-08 01:18:55] .../vim/lsp/rpc.lua:734	"rpc"	"/Users/sarnobat/.sdkman/candidates/java/current/bin/java"	"stderr"	"Error opening zip file or JAR manifest missing : /Users/sarnobat/.local/share/nvim/mason/packages/jdtls/lombok.jar\n"
[START][2023-12-08 01:19:27] LSP logging initiated
[ERROR][2023-12-08 01:19:27] .../vim/lsp/rpc.lua:734	"rpc"	"/Users/sarnobat/.sdkman/candidates/java/current/bin/java"	"stderr"	"WARNING: Using incubator modules: jdk.incubator.foreign, jdk.incubator.vector\n"
[ERROR][2023-12-08 01:19:28] .../vim/lsp/rpc.lua:734	"rpc"	"/Users/sarnobat/.sdkman/candidates/java/current/bin/java"	"stderr"	'SLF4J: Failed to load class "org.slf4j.impl.StaticLoggerBinder".\n'
[ERROR][2023-12-08 01:19:28] .../vim/lsp/rpc.lua:734	"rpc"	"/Users/sarnobat/.sdkman/candidates/java/current/bin/java"	"stderr"	"SLF4J: Defaulting to no-operation (NOP) logger implementation\nSLF4J: See http://www.slf4j.org/codes.html#StaticLoggerBinder for further details.\n"
[ERROR][2023-12-08 01:19:29] ...lsp/handlers.lua:535	"Dec 8, 2023, 1:19:29 AM Empty bundle location"
[ERROR][2023-12-08 01:19:29] ...lsp/handlers.lua:535	"Dec 8, 2023, 1:19:29 AM Empty bundle location"
[WARN][2023-12-08 01:19:30] .../lua/vim/lsp.lua:1072	"server_request: no handler found for"	"workspace/inlayHint/refresh"
[WARN][2023-12-08 01:19:30] .../lua/vim/lsp.lua:1072	"server_request: no handler found for"	"workspace/inlayHint/refresh"
[WARN][2023-12-08 01:19:31] ...lsp/handlers.lua:137	"The language server jdtls triggers a registerCapability handler despite dynamicRegistration set to false. Report upstream, this warning is harmless"
[START][2023-12-08 01:20:02] LSP logging initiated
[ERROR][2023-12-08 01:20:02] .../vim/lsp/rpc.lua:734	"rpc"	"/Users/sarnobat/.sdkman/candidates/java/current/bin/java"	"stderr"	"WARNING: Using incubator modules: jdk.incubator.foreign, jdk.incubator.vector\n"
[ERROR][2023-12-08 01:20:02] .../vim/lsp/rpc.lua:734	"rpc"	"/Users/sarnobat/.sdkman/candidates/java/current/bin/java"	"stderr"	'SLF4J: Failed to load class "org.slf4j.impl.StaticLoggerBinder".\n'
[ERROR][2023-12-08 01:20:02] .../vim/lsp/rpc.lua:734	"rpc"	"/Users/sarnobat/.sdkman/candidates/java/current/bin/java"	"stderr"	"SLF4J: Defaulting to no-operation (NOP) logger implementation\nSLF4J: See http://www.slf4j.org/codes.html#StaticLoggerBinder for further details.\n"
[ERROR][2023-12-08 01:20:03] ...lsp/handlers.lua:535	"Dec 8, 2023, 1:20:03 AM Empty bundle location"
[ERROR][2023-12-08 01:20:03] ...lsp/handlers.lua:535	"Dec 8, 2023, 1:20:03 AM Empty bundle location"
[WARN][2023-12-08 01:20:04] .../lua/vim/lsp.lua:1072	"server_request: no handler found for"	"workspace/inlayHint/refresh"
[WARN][2023-12-08 01:20:04] .../lua/vim/lsp.lua:1072	"server_request: no handler found for"	"workspace/inlayHint/refresh"
[WARN][2023-12-08 01:20:05] ...lsp/handlers.lua:137	"The language server jdtls triggers a registerCapability handler despite dynamicRegistration set to false. Report upstream, this warning is harmless"
[START][2023-12-08 01:26:35] LSP logging initiated
[ERROR][2023-12-08 01:26:35] .../vim/lsp/rpc.lua:734	"rpc"	"/Users/sarnobat/.sdkman/candidates/java/current/bin/java"	"stderr"	"WARNING: Using incubator modules: jdk.incubator.vector, jdk.incubator.foreign\n"
[ERROR][2023-12-08 01:26:36] .../vim/lsp/rpc.lua:734	"rpc"	"/Users/sarnobat/.sdkman/candidates/java/current/bin/java"	"stderr"	'SLF4J: Failed to load class "org.slf4j.impl.StaticLoggerBinder".\nSLF4J: Defaulting to no-operation (NOP) logger implementation\nSLF4J: See http://www.slf4j.org/codes.html#StaticLoggerBinder for further details.\n'
[ERROR][2023-12-08 01:26:37] ...lsp/handlers.lua:535	"Dec 8, 2023, 1:26:37 AM Empty bundle location"
[ERROR][2023-12-08 01:26:37] ...lsp/handlers.lua:535	"Dec 8, 2023, 1:26:37 AM Empty bundle location"
[WARN][2023-12-08 01:26:38] .../lua/vim/lsp.lua:1072	"server_request: no handler found for"	"workspace/inlayHint/refresh"
[WARN][2023-12-08 01:26:38] .../lua/vim/lsp.lua:1072	"server_request: no handler found for"	"workspace/inlayHint/refresh"
[WARN][2023-12-08 01:26:39] ...lsp/handlers.lua:137	"The language server jdtls triggers a registerCapability handler despite dynamicRegistration set to false. Report upstream, this warning is harmless"
[START][2023-12-08 01:30:36] LSP logging initiated
[ERROR][2023-12-08 01:30:36] .../vim/lsp/rpc.lua:734	"rpc"	"/Users/sarnobat/.sdkman/candidates/java/current/bin/java"	"stderr"	"WARNING: Using incubator modules: jdk.incubator.vector, jdk.incubator.foreign\n"
[ERROR][2023-12-08 01:30:37] .../vim/lsp/rpc.lua:734	"rpc"	"/Users/sarnobat/.sdkman/candidates/java/current/bin/java"	"stderr"	'SLF4J: Failed to load class "org.slf4j.impl.StaticLoggerBinder".\nSLF4J: Defaulting to no-operation (NOP) logger implementation\nSLF4J: See http://www.slf4j.org/codes.html#StaticLoggerBinder for further details.\n'
[ERROR][2023-12-08 01:30:40] ...lsp/handlers.lua:535	"Dec 8, 2023, 1:30:38 AM Empty bundle location"
[ERROR][2023-12-08 01:30:40] ...lsp/handlers.lua:535	"Dec 8, 2023, 1:30:38 AM Empty bundle location"
[WARN][2023-12-08 01:30:40] .../lua/vim/lsp.lua:1072	"server_request: no handler found for"	"workspace/inlayHint/refresh"
[WARN][2023-12-08 01:30:40] .../lua/vim/lsp.lua:1072	"server_request: no handler found for"	"workspace/inlayHint/refresh"
[WARN][2023-12-08 01:30:40] ...lsp/handlers.lua:137	"The language server jdtls triggers a registerCapability handler despite dynamicRegistration set to false. Report upstream, this warning is harmless"
[START][2023-12-08 01:33:55] LSP logging initiated
[ERROR][2023-12-08 01:33:55] .../vim/lsp/rpc.lua:734	"rpc"	"/Users/sarnobat/.sdkman/candidates/java/current/bin/java"	"stderr"	"WARNING: Using incubator modules: jdk.incubator.vector, jdk.incubator.foreign\n"
[ERROR][2023-12-08 01:33:56] .../vim/lsp/rpc.lua:734	"rpc"	"/Users/sarnobat/.sdkman/candidates/java/current/bin/java"	"stderr"	'SLF4J: Failed to load class "org.slf4j.impl.StaticLoggerBinder".\nSLF4J: Defaulting to no-operation (NOP) logger implementation\nSLF4J: See http://www.slf4j.org/codes.html#StaticLoggerBinder for further details.\n'
[ERROR][2023-12-08 01:33:57] ...lsp/handlers.lua:535	"Dec 8, 2023, 1:33:56 AM Empty bundle location"
[ERROR][2023-12-08 01:33:57] ...lsp/handlers.lua:535	"Dec 8, 2023, 1:33:56 AM Empty bundle location"
[WARN][2023-12-08 01:33:57] .../lua/vim/lsp.lua:1072	"server_request: no handler found for"	"workspace/inlayHint/refresh"
[WARN][2023-12-08 01:33:57] .../lua/vim/lsp.lua:1072	"server_request: no handler found for"	"workspace/inlayHint/refresh"
[WARN][2023-12-08 01:33:58] ...lsp/handlers.lua:137	"The language server jdtls triggers a registerCapability handler despite dynamicRegistration set to false. Report upstream, this warning is harmless"
[START][2023-12-08 01:34:01] LSP logging initiated
[ERROR][2023-12-08 01:34:01] .../vim/lsp/rpc.lua:734	"rpc"	"/Users/sarnobat/.sdkman/candidates/java/current/bin/java"	"stderr"	"WARNING: Using incubator modules: jdk.incubator.foreign, jdk.incubator.vector\n"
[ERROR][2023-12-08 01:34:02] .../vim/lsp/rpc.lua:734	"rpc"	"/Users/sarnobat/.sdkman/candidates/java/current/bin/java"	"stderr"	'SLF4J: Failed to load class "org.slf4j.impl.StaticLoggerBinder".\nSLF4J: Defaulting to no-operation (NOP) logger implementation\nSLF4J: See http://www.slf4j.org/codes.html#StaticLoggerBinder for further details.\n'
[ERROR][2023-12-08 01:34:08] ...lsp/handlers.lua:535	"Dec 8, 2023, 1:34:03 AM Empty bundle location"
[ERROR][2023-12-08 01:34:08] ...lsp/handlers.lua:535	"Dec 8, 2023, 1:34:03 AM Empty bundle location"
[WARN][2023-12-08 01:34:08] .../lua/vim/lsp.lua:1072	"server_request: no handler found for"	"workspace/inlayHint/refresh"
[WARN][2023-12-08 01:34:08] .../lua/vim/lsp.lua:1072	"server_request: no handler found for"	"workspace/inlayHint/refresh"
[WARN][2023-12-08 01:34:08] ...lsp/handlers.lua:137	"The language server jdtls triggers a registerCapability handler despite dynamicRegistration set to false. Report upstream, this warning is harmless"
[START][2023-12-08 01:34:21] LSP logging initiated
[ERROR][2023-12-08 01:34:21] .../vim/lsp/rpc.lua:734	"rpc"	"/Users/sarnobat/.sdkman/candidates/java/current/bin/java"	"stderr"	"WARNING: Using incubator modules: jdk.incubator.vector, jdk.incubator.foreign\n"
[ERROR][2023-12-08 01:34:22] .../vim/lsp/rpc.lua:734	"rpc"	"/Users/sarnobat/.sdkman/candidates/java/current/bin/java"	"stderr"	'SLF4J: Failed to load class "org.slf4j.impl.StaticLoggerBinder".\nSLF4J: Defaulting to no-operation (NOP) logger implementation\nSLF4J: See http://www.slf4j.org/codes.html#StaticLoggerBinder for further details.\n'
[ERROR][2023-12-08 01:34:22] ...lsp/handlers.lua:535	"Dec 8, 2023, 1:34:22 AM Empty bundle location"
[ERROR][2023-12-08 01:34:22] ...lsp/handlers.lua:535	"Dec 8, 2023, 1:34:22 AM Empty bundle location"
[WARN][2023-12-08 01:34:24] .../lua/vim/lsp.lua:1072	"server_request: no handler found for"	"workspace/inlayHint/refresh"
[WARN][2023-12-08 01:34:24] .../lua/vim/lsp.lua:1072	"server_request: no handler found for"	"workspace/inlayHint/refresh"
[WARN][2023-12-08 01:34:25] ...lsp/handlers.lua:137	"The language server jdtls triggers a registerCapability handler despite dynamicRegistration set to false. Report upstream, this warning is harmless"
[START][2023-12-08 01:36:32] LSP logging initiated
[ERROR][2023-12-08 01:36:32] .../vim/lsp/rpc.lua:734	"rpc"	"/Users/sarnobat/.sdkman/candidates/java/current/bin/java"	"stderr"	"WARNING: Using incubator modules: jdk.incubator.foreign, jdk.incubator.vector\n"
[ERROR][2023-12-08 01:36:33] .../vim/lsp/rpc.lua:734	"rpc"	"/Users/sarnobat/.sdkman/candidates/java/current/bin/java"	"stderr"	'SLF4J: Failed to load class "org.slf4j.impl.StaticLoggerBinder".\nSLF4J: Defaulting to no-operation (NOP) logger implementation\nSLF4J: See http://www.slf4j.org/codes.html#StaticLoggerBinder for further details.\n'
[ERROR][2023-12-08 01:36:43] ...lsp/handlers.lua:535	"Dec 8, 2023, 1:36:34 AM Empty bundle location"
[ERROR][2023-12-08 01:36:43] ...lsp/handlers.lua:535	"Dec 8, 2023, 1:36:34 AM Empty bundle location"
[WARN][2023-12-08 01:36:43] .../lua/vim/lsp.lua:1072	"server_request: no handler found for"	"workspace/inlayHint/refresh"
[WARN][2023-12-08 01:36:43] .../lua/vim/lsp.lua:1072	"server_request: no handler found for"	"workspace/inlayHint/refresh"
[WARN][2023-12-08 01:36:44] ...lsp/handlers.lua:137	"The language server jdtls triggers a registerCapability handler despite dynamicRegistration set to false. Report upstream, this warning is harmless"
[START][2023-12-08 01:37:18] LSP logging initiated
[ERROR][2023-12-08 01:37:18] .../vim/lsp/rpc.lua:734	"rpc"	"/Users/sarnobat/.sdkman/candidates/java/current/bin/java"	"stderr"	"WARNING: Using incubator modules: jdk.incubator.foreign, jdk.incubator.vector\n"
[ERROR][2023-12-08 01:37:18] .../vim/lsp/rpc.lua:734	"rpc"	"/Users/sarnobat/.sdkman/candidates/java/current/bin/java"	"stderr"	'SLF4J: Failed to load class "org.slf4j.impl.StaticLoggerBinder".\nSLF4J: Defaulting to no-operation (NOP) logger implementation\nSLF4J: See http://www.slf4j.org/codes.html#StaticLoggerBinder for further details.\n'
[ERROR][2023-12-08 01:37:19] ...lsp/handlers.lua:535	"Dec 8, 2023, 1:37:19 AM Empty bundle location"
[ERROR][2023-12-08 01:37:19] ...lsp/handlers.lua:535	"Dec 8, 2023, 1:37:19 AM Empty bundle location"
[WARN][2023-12-08 01:37:20] .../lua/vim/lsp.lua:1072	"server_request: no handler found for"	"workspace/inlayHint/refresh"
[WARN][2023-12-08 01:37:20] .../lua/vim/lsp.lua:1072	"server_request: no handler found for"	"workspace/inlayHint/refresh"
[WARN][2023-12-08 01:37:22] ...lsp/handlers.lua:137	"The language server jdtls triggers a registerCapability handler despite dynamicRegistration set to false. Report upstream, this warning is harmless"
[START][2023-12-08 01:38:09] LSP logging initiated
[ERROR][2023-12-08 01:38:09] .../vim/lsp/rpc.lua:734	"rpc"	"/Users/sarnobat/.sdkman/candidates/java/current/bin/java"	"stderr"	"WARNING: Using incubator modules: jdk.incubator.foreign, jdk.incubator.vector\n"
[ERROR][2023-12-08 01:38:09] .../vim/lsp/rpc.lua:734	"rpc"	"/Users/sarnobat/.sdkman/candidates/java/current/bin/java"	"stderr"	'SLF4J: Failed to load class "org.slf4j.impl.StaticLoggerBinder".\nSLF4J: Defaulting to no-operation (NOP) logger implementation\nSLF4J: See http://www.slf4j.org/codes.html#StaticLoggerBinder for further details.\n'
[ERROR][2023-12-08 01:38:10] ...lsp/handlers.lua:535	"Dec 8, 2023, 1:38:10 AM Empty bundle location"
[ERROR][2023-12-08 01:38:10] ...lsp/handlers.lua:535	"Dec 8, 2023, 1:38:10 AM Empty bundle location"
[WARN][2023-12-08 01:38:11] .../lua/vim/lsp.lua:1072	"server_request: no handler found for"	"workspace/inlayHint/refresh"
[WARN][2023-12-08 01:38:11] .../lua/vim/lsp.lua:1072	"server_request: no handler found for"	"workspace/inlayHint/refresh"
[WARN][2023-12-08 01:38:12] ...lsp/handlers.lua:137	"The language server jdtls triggers a registerCapability handler despite dynamicRegistration set to false. Report upstream, this warning is harmless"
[START][2023-12-08 01:41:15] LSP logging initiated
[ERROR][2023-12-08 01:41:15] .../vim/lsp/rpc.lua:734	"rpc"	"/Users/sarnobat/.sdkman/candidates/java/current/bin/java"	"stderr"	"WARNING: Using incubator modules: jdk.incubator.foreign, jdk.incubator.vector\n"
[ERROR][2023-12-08 01:41:15] .../vim/lsp/rpc.lua:734	"rpc"	"/Users/sarnobat/.sdkman/candidates/java/current/bin/java"	"stderr"	'SLF4J: Failed to load class "org.slf4j.impl.StaticLoggerBinder".\nSLF4J: Defaulting to no-operation (NOP) logger implementation\nSLF4J: See http://www.slf4j.org/codes.html#StaticLoggerBinder for further details.\n'
[ERROR][2023-12-08 01:41:16] ...lsp/handlers.lua:535	"Dec 8, 2023, 1:41:16 AM Empty bundle location"
[ERROR][2023-12-08 01:41:16] ...lsp/handlers.lua:535	"Dec 8, 2023, 1:41:16 AM Empty bundle location"
[WARN][2023-12-08 01:41:17] .../lua/vim/lsp.lua:1072	"server_request: no handler found for"	"workspace/inlayHint/refresh"
[WARN][2023-12-08 01:41:17] .../lua/vim/lsp.lua:1072	"server_request: no handler found for"	"workspace/inlayHint/refresh"
[WARN][2023-12-08 01:41:19] ...lsp/handlers.lua:137	"The language server jdtls triggers a registerCapability handler despite dynamicRegistration set to false. Report upstream, this warning is harmless"
[START][2023-12-08 01:42:54] LSP logging initiated
[ERROR][2023-12-08 01:42:54] .../vim/lsp/rpc.lua:734	"rpc"	"/Users/sarnobat/.sdkman/candidates/java/current/bin/java"	"stderr"	"WARNING: Using incubator modules: jdk.incubator.vector, jdk.incubator.foreign\n"
[ERROR][2023-12-08 01:42:55] .../vim/lsp/rpc.lua:734	"rpc"	"/Users/sarnobat/.sdkman/candidates/java/current/bin/java"	"stderr"	'SLF4J: Failed to load class "org.slf4j.impl.StaticLoggerBinder".\nSLF4J: Defaulting to no-operation (NOP) logger implementation\nSLF4J: See http://www.slf4j.org/codes.html#StaticLoggerBinder for further details.\n'
[ERROR][2023-12-08 01:42:56] ...lsp/handlers.lua:535	"Dec 8, 2023, 1:42:56 AM Empty bundle location"
[ERROR][2023-12-08 01:42:56] ...lsp/handlers.lua:535	"Dec 8, 2023, 1:42:56 AM Empty bundle location"
[WARN][2023-12-08 01:42:57] .../lua/vim/lsp.lua:1072	"server_request: no handler found for"	"workspace/inlayHint/refresh"
[WARN][2023-12-08 01:42:57] .../lua/vim/lsp.lua:1072	"server_request: no handler found for"	"workspace/inlayHint/refresh"
[WARN][2023-12-08 01:42:58] ...lsp/handlers.lua:137	"The language server jdtls triggers a registerCapability handler despite dynamicRegistration set to false. Report upstream, this warning is harmless"
[START][2023-12-08 01:47:52] LSP logging initiated
[ERROR][2023-12-08 01:47:52] .../vim/lsp/rpc.lua:734	"rpc"	"/Users/sarnobat/.sdkman/candidates/java/current/bin/java"	"stderr"	"WARNING: Using incubator modules: jdk.incubator.vector, jdk.incubator.foreign\n"
[ERROR][2023-12-08 01:47:53] .../vim/lsp/rpc.lua:734	"rpc"	"/Users/sarnobat/.sdkman/candidates/java/current/bin/java"	"stderr"	'SLF4J: Failed to load class "org.slf4j.impl.StaticLoggerBinder".\nSLF4J: Defaulting to no-operation (NOP) logger implementation\nSLF4J: See http://www.slf4j.org/codes.html#StaticLoggerBinder for further details.\n'
[ERROR][2023-12-08 01:47:53] ...lsp/handlers.lua:535	"Dec 8, 2023, 1:47:53 AM Empty bundle location"
[ERROR][2023-12-08 01:47:53] ...lsp/handlers.lua:535	"Dec 8, 2023, 1:47:53 AM Empty bundle location"
[WARN][2023-12-08 01:47:54] .../lua/vim/lsp.lua:1072	"server_request: no handler found for"	"workspace/inlayHint/refresh"
[WARN][2023-12-08 01:47:54] .../lua/vim/lsp.lua:1072	"server_request: no handler found for"	"workspace/inlayHint/refresh"
[WARN][2023-12-08 01:47:57] ...lsp/handlers.lua:137	"The language server jdtls triggers a registerCapability handler despite dynamicRegistration set to false. Report upstream, this warning is harmless"
[START][2023-12-08 01:58:12] LSP logging initiated
[ERROR][2023-12-08 01:58:12] .../vim/lsp/rpc.lua:734	"rpc"	"/Users/sarnobat/.sdkman/candidates/java/current/bin/java"	"stderr"	"WARNING: Using incubator modules: jdk.incubator.vector, jdk.incubator.foreign\n"
[ERROR][2023-12-08 01:58:13] .../vim/lsp/rpc.lua:734	"rpc"	"/Users/sarnobat/.sdkman/candidates/java/current/bin/java"	"stderr"	'SLF4J: Failed to load class "org.slf4j.impl.StaticLoggerBinder".\nSLF4J: Defaulting to no-operation (NOP) logger implementation\nSLF4J: See http://www.slf4j.org/codes.html#StaticLoggerBinder for further details.\n'
[ERROR][2023-12-08 01:58:14] ...lsp/handlers.lua:535	"Dec 8, 2023, 1:58:14 AM Empty bundle location"
[ERROR][2023-12-08 01:58:14] ...lsp/handlers.lua:535	"Dec 8, 2023, 1:58:14 AM Empty bundle location"
[WARN][2023-12-08 01:58:16] .../lua/vim/lsp.lua:1072	"server_request: no handler found for"	"workspace/inlayHint/refresh"
[WARN][2023-12-08 01:58:16] .../lua/vim/lsp.lua:1072	"server_request: no handler found for"	"workspace/inlayHint/refresh"
[WARN][2023-12-08 01:58:16] ...lsp/handlers.lua:137	"The language server jdtls triggers a registerCapability handler despite dynamicRegistration set to false. Report upstream, this warning is harmless"
[START][2023-12-08 17:57:17] LSP logging initiated
[ERROR][2023-12-08 17:57:17] .../vim/lsp/rpc.lua:734	"rpc"	"/Users/sarnobat/.local/share/nvim/mason/bin/jdtls"	"stderr"	"WARNING: Using incubator modules: jdk.incubator.vector, jdk.incubator.foreign\n"
[ERROR][2023-12-08 17:57:18] .../vim/lsp/rpc.lua:734	"rpc"	"/Users/sarnobat/.local/share/nvim/mason/bin/jdtls"	"stderr"	"Dec 08, 2023 5:57:18 PM org.apache.aries.spifly.BaseActivator log\nINFO: Registered provider ch.qos.logback.classic.servlet.LogbackServletContainerInitializer of service jakarta.servlet.ServletContainerInitializer in bundle ch.qos.logback.classic\n"
[ERROR][2023-12-08 17:57:18] .../vim/lsp/rpc.lua:734	"rpc"	"/Users/sarnobat/.local/share/nvim/mason/bin/jdtls"	"stderr"	"Dec 08, 2023 5:57:18 PM org.apache.aries.spifly.BaseActivator log\nINFO: Registered provider ch.qos.logback.classic.spi.LogbackServiceProvider of service org.slf4j.spi.SLF4JServiceProvider in bundle ch.qos.logback.classic\n"
[WARN][2023-12-08 17:57:29] ...lsp/handlers.lua:137	"The language server jdtls triggers a registerCapability handler despite dynamicRegistration set to false. Report upstream, this warning is harmless"
[START][2023-12-08 17:58:18] LSP logging initiated
[ERROR][2023-12-08 17:58:18] .../vim/lsp/rpc.lua:734	"rpc"	"/Users/sarnobat/.local/share/nvim/mason/bin/jdtls"	"stderr"	"WARNING: Using incubator modules: jdk.incubator.vector, jdk.incubator.foreign\n"
[ERROR][2023-12-08 17:58:19] .../vim/lsp/rpc.lua:734	"rpc"	"/Users/sarnobat/.local/share/nvim/mason/bin/jdtls"	"stderr"	"Dec 08, 2023 5:58:19 PM org.apache.aries.spifly.BaseActivator log\nINFO: Registered provider ch.qos.logback.classic.servlet.LogbackServletContainerInitializer of service jakarta.servlet.ServletContainerInitializer in bundle ch.qos.logback.classic\n"
[ERROR][2023-12-08 17:58:19] .../vim/lsp/rpc.lua:734	"rpc"	"/Users/sarnobat/.local/share/nvim/mason/bin/jdtls"	"stderr"	"Dec 08, 2023 5:58:19 PM org.apache.aries.spifly.BaseActivator log\nINFO: Registered provider ch.qos.logback.classic.spi.LogbackServiceProvider of service org.slf4j.spi.SLF4JServiceProvider in bundle ch.qos.logback.classic\n"
[WARN][2023-12-08 17:58:22] ...lsp/handlers.lua:137	"The language server jdtls triggers a registerCapability handler despite dynamicRegistration set to false. Report upstream, this warning is harmless"
