[2023-11-09 08:02:01.257] [info] [console_user_server] version 13.7.0
[2023-11-09 08:02:01.744] [info] [console_user_server] grabber_client is started.
[2023-11-09 08:02:24.092] [info] [console_user_server] grabber_client is connected.
[2023-11-09 08:02:24.704] [info] [console_user_server] core_configuration is updated.
[2023-11-09 08:02:25.093] [info] [console_user_server] Check for updates...
[2023-11-09 08:03:16.160] [info] [console_user_server] Load /Users/sarnobat/.config/karabiner/karabiner.json...
[2023-11-09 08:03:16.187] [info] [console_user_server] core_configuration is updated.
[2023-11-09 08:03:41.301] [info] [console_user_server] Load /Users/sarnobat/.config/karabiner/karabiner.json...
[2023-11-09 08:03:41.306] [info] [console_user_server] core_configuration is updated.
[2023-11-09 08:03:45.483] [info] [console_user_server] Load /Users/sarnobat/.config/karabiner/karabiner.json...
[2023-11-09 08:03:45.485] [info] [console_user_server] core_configuration is updated.
[2023-11-09 08:03:58.505] [info] [console_user_server] Load /Users/sarnobat/.config/karabiner/karabiner.json...
[2023-11-09 08:03:58.508] [info] [console_user_server] core_configuration is updated.
[2023-11-09 08:04:04.178] [info] [console_user_server] Load /Users/sarnobat/.config/karabiner/karabiner.json...
[2023-11-09 08:04:04.181] [info] [console_user_server] core_configuration is updated.
[2023-11-09 08:04:05.873] [info] [console_user_server] Load /Users/sarnobat/.config/karabiner/karabiner.json...
[2023-11-09 08:04:05.876] [info] [console_user_server] core_configuration is updated.
[2023-11-09 08:04:09.044] [info] [console_user_server] Load /Users/sarnobat/.config/karabiner/karabiner.json...
[2023-11-09 08:04:09.049] [info] [console_user_server] core_configuration is updated.
[2023-11-09 08:04:11.055] [info] [console_user_server] Load /Users/sarnobat/.config/karabiner/karabiner.json...
[2023-11-09 08:04:11.058] [info] [console_user_server] core_configuration is updated.
[2023-11-09 11:53:42.227] [info] [console_user_server] Load /Users/sarnobat/.config/karabiner/karabiner.json...
[2023-11-09 11:53:42.229] [info] [console_user_server] core_configuration is updated.
[2023-11-09 11:53:51.242] [info] [console_user_server] Load /Users/sarnobat/.config/karabiner/karabiner.json...
[2023-11-09 11:53:51.247] [info] [console_user_server] core_configuration is updated.
[2023-11-09 11:53:53.027] [info] [console_user_server] Load /Users/sarnobat/.config/karabiner/karabiner.json...
[2023-11-09 11:53:53.029] [info] [console_user_server] core_configuration is updated.
[2023-11-09 11:54:09.883] [info] [console_user_server] Load /Users/sarnobat/.config/karabiner/karabiner.json...
[2023-11-09 11:54:09.885] [info] [console_user_server] core_configuration is updated.
[2023-11-09 11:54:14.326] [info] [console_user_server] Load /Users/sarnobat/.config/karabiner/karabiner.json...
[2023-11-09 11:54:14.328] [info] [console_user_server] core_configuration is updated.
[2023-11-09 11:54:16.834] [info] [console_user_server] Load /Users/sarnobat/.config/karabiner/karabiner.json...
[2023-11-09 11:54:16.837] [info] [console_user_server] core_configuration is updated.
[2023-11-18 18:13:16.556] [info] [console_user_server] version 13.7.0
[2023-11-18 18:13:18.357] [info] [console_user_server] grabber_client is started.
[2023-11-18 18:13:18.363] [info] [console_user_server] grabber_client is connected.
[2023-11-18 18:13:20.367] [info] [console_user_server] Load /Users/sarnobat/.config/karabiner/karabiner.json...
[2023-11-18 18:13:20.400] [info] [console_user_server] core_configuration is updated.
[2023-11-18 18:13:21.192] [info] [console_user_server] Check for updates...
[2023-11-20 17:05:00.199] [info] [console_user_server] version 13.7.0
[2023-11-20 17:05:01.602] [info] [console_user_server] grabber_client is started.
[2023-11-20 17:05:01.644] [info] [console_user_server] grabber_client is connected.
[2023-11-20 17:05:03.331] [info] [console_user_server] Load /Users/sarnobat/.config/karabiner/karabiner.json...
[2023-11-20 17:05:03.385] [info] [console_user_server] core_configuration is updated.
[2023-11-20 17:05:04.193] [info] [console_user_server] Check for updates...
[2023-11-28 17:49:15.352] [info] [console_user_server] version 13.7.0
[2023-11-28 17:49:18.164] [info] [console_user_server] grabber_client is started.
[2023-11-28 17:49:18.172] [info] [console_user_server] grabber_client is connected.
[2023-11-28 17:49:20.868] [info] [console_user_server] Load /Users/sarnobat/.config/karabiner/karabiner.json...
[2023-11-28 17:49:21.074] [info] [console_user_server] core_configuration is updated.
[2023-11-28 17:49:22.166] [info] [console_user_server] Check for updates...
[2023-11-30 10:47:25.916] [info] [console_user_server] version 13.7.0
[2023-11-30 10:47:28.211] [info] [console_user_server] grabber_client is started.
[2023-11-30 10:47:28.263] [info] [console_user_server] grabber_client is connected.
[2023-11-30 10:47:30.019] [info] [console_user_server] Load /Users/sarnobat/.config/karabiner/karabiner.json...
[2023-11-30 10:47:30.064] [info] [console_user_server] core_configuration is updated.
[2023-11-30 10:47:30.929] [info] [console_user_server] Check for updates...
[2023-12-02 21:41:24.062] [info] [console_user_server] version 13.7.0
[2023-12-02 21:41:24.477] [info] [console_user_server] grabber_client is started.
[2023-12-02 21:41:24.479] [info] [console_user_server] grabber_client is connected.
[2023-12-02 21:41:24.978] [info] [console_user_server] Load /Users/sarnobat/.config/karabiner/karabiner.json...
[2023-12-02 21:41:25.007] [info] [console_user_server] core_configuration is updated.
[2023-12-02 21:41:25.221] [info] [console_user_server] Check for updates...
[2023-12-04 14:00:01.657] [info] [console_user_server] grabber_client is stopped.
[2023-12-04 14:06:55.316] [info] [console_user_server] version 13.7.0
[2023-12-04 14:07:04.982] [info] [console_user_server] grabber_client is started.
[2023-12-04 14:07:05.012] [info] [console_user_server] grabber_client is connected.
[2023-12-04 14:07:06.079] [info] [console_user_server] Load /Users/sarnobat/.config/karabiner/karabiner.json...
[2023-12-04 14:07:06.119] [info] [console_user_server] core_configuration is updated.
[2023-12-04 14:07:06.670] [info] [console_user_server] Check for updates...
[2023-12-04 14:49:53.515] [info] [console_user_server] Load /Users/sarnobat/.config/karabiner/karabiner.json...
[2023-12-04 14:49:53.547] [info] [console_user_server] core_configuration is updated.
[2023-12-04 14:50:00.797] [info] [console_user_server] Load /Users/sarnobat/.config/karabiner/karabiner.json...
[2023-12-04 14:50:00.799] [info] [console_user_server] core_configuration is updated.
[2023-12-04 14:50:16.796] [info] [console_user_server] Load /Users/sarnobat/.config/karabiner/karabiner.json...
[2023-12-04 14:50:16.799] [info] [console_user_server] core_configuration is updated.
[2023-12-06 12:45:37.116] [info] [console_user_server] version 13.7.0
[2023-12-06 12:45:46.009] [info] [console_user_server] grabber_client is started.
[2023-12-06 12:45:46.222] [info] [console_user_server] grabber_client is connected.
[2023-12-06 12:45:50.213] [info] [console_user_server] Load /Users/sarnobat/.config/karabiner/karabiner.json...
[2023-12-06 12:45:50.267] [info] [console_user_server] core_configuration is updated.
[2023-12-06 12:45:53.509] [info] [console_user_server] Check for updates...
[2023-12-06 21:10:27.540] [info] [console_user_server] Load /Users/sarnobat/.config/karabiner/karabiner.json...
