[2023-12-07 14:47:24.350] [info] [console_user_server] version 13.7.0
[2023-12-07 14:47:33.445] [info] [console_user_server] grabber_client is started.
[2023-12-07 14:47:33.449] [info] [console_user_server] grabber_client is connected.
[2023-12-07 14:47:34.750] [info] [console_user_server] core_configuration is updated.
[2023-12-07 14:47:35.346] [info] [console_user_server] Check for updates...
[2023-12-08 13:08:48.094] [info] [console_user_server] Load /Users/sarnobat/.config/karabiner/karabiner.json...
[2023-12-08 13:09:22.855] [info] [console_user_server] Load /Users/sarnobat/.config/karabiner/karabiner.json...
[2023-12-08 13:09:22.880] [info] [console_user_server] core_configuration is updated.
[2023-12-08 13:09:24.995] [info] [console_user_server] Load /Users/sarnobat/.config/karabiner/karabiner.json...
[2023-12-08 13:09:24.999] [info] [console_user_server] core_configuration is updated.
[2023-12-08 13:09:29.638] [info] [console_user_server] Load /Users/sarnobat/.config/karabiner/karabiner.json...
[2023-12-08 13:09:29.640] [info] [console_user_server] core_configuration is updated.
[2023-12-08 13:09:32.184] [info] [console_user_server] Load /Users/sarnobat/.config/karabiner/karabiner.json...
[2023-12-08 13:09:32.185] [info] [console_user_server] core_configuration is updated.
[2023-12-08 13:09:39.863] [info] [console_user_server] Load /Users/sarnobat/.config/karabiner/karabiner.json...
[2023-12-08 13:09:39.867] [info] [console_user_server] core_configuration is updated.
[2023-12-08 13:09:41.687] [info] [console_user_server] Load /Users/sarnobat/.config/karabiner/karabiner.json...
[2023-12-08 13:09:41.690] [info] [console_user_server] core_configuration is updated.
[2023-12-08 13:09:44.650] [info] [console_user_server] Load /Users/sarnobat/.config/karabiner/karabiner.json...
[2023-12-08 13:09:44.652] [info] [console_user_server] core_configuration is updated.
[2023-12-08 13:09:46.929] [info] [console_user_server] Load /Users/sarnobat/.config/karabiner/karabiner.json...
[2023-12-08 13:09:46.931] [info] [console_user_server] core_configuration is updated.
[2023-12-08 13:15:23.997] [info] [console_user_server] Load /Users/sarnobat/.config/karabiner/karabiner.json...
[2023-12-08 13:15:24.000] [info] [console_user_server] core_configuration is updated.
[2023-12-08 13:15:35.831] [info] [console_user_server] Load /Users/sarnobat/.config/karabiner/karabiner.json...
[2023-12-08 13:15:35.833] [info] [console_user_server] core_configuration is updated.
[2023-12-08 13:15:42.166] [info] [console_user_server] Load /Users/sarnobat/.config/karabiner/karabiner.json...
[2023-12-08 13:15:42.171] [info] [console_user_server] core_configuration is updated.
[2023-12-08 13:15:56.338] [info] [console_user_server] Load /Users/sarnobat/.config/karabiner/karabiner.json...
[2023-12-08 13:15:56.340] [info] [console_user_server] core_configuration is updated.
[2023-12-08 13:16:01.852] [info] [console_user_server] Load /Users/sarnobat/.config/karabiner/karabiner.json...
[2023-12-08 13:16:01.857] [info] [console_user_server] core_configuration is updated.
[2023-12-08 13:16:05.471] [info] [console_user_server] Load /Users/sarnobat/.config/karabiner/karabiner.json...
[2023-12-08 13:16:05.476] [info] [console_user_server] core_configuration is updated.
