[2023-12-10 21:03:16.784] [info] [console_user_server] version 13.7.0
[2023-12-10 21:03:27.280] [info] [console_user_server] grabber_client is started.
[2023-12-10 21:03:27.282] [info] [console_user_server] grabber_client is connected.
[2023-12-10 21:03:28.152] [info] [console_user_server] core_configuration is updated.
[2023-12-10 21:03:28.585] [info] [console_user_server] Check for updates...
[2023-12-12 18:00:14.921] [info] [console_user_server] Load /Users/sarnobat/.config/karabiner/karabiner.json...
[2023-12-12 18:00:39.782] [info] [console_user_server] Load /Users/sarnobat/.config/karabiner/karabiner.json...
[2023-12-12 18:00:39.796] [info] [console_user_server] core_configuration is updated.
[2023-12-12 18:03:23.101] [info] [console_user_server] Load /Users/sarnobat/.config/karabiner/karabiner.json...
[2023-12-12 18:03:23.112] [info] [console_user_server] core_configuration is updated.
[2023-12-12 18:03:31.184] [info] [console_user_server] version 13.7.0
[2023-12-12 18:03:31.402] [info] [console_user_server] grabber_client is started.
[2023-12-12 18:03:31.404] [info] [console_user_server] grabber_client is connected.
[2023-12-12 18:03:31.861] [info] [console_user_server] Load /Users/sarnobat/.config/karabiner/karabiner.json...
[2023-12-12 18:03:31.863] [info] [console_user_server] core_configuration is updated.
[2023-12-12 18:03:31.947] [info] [console_user_server] Check for updates...
[2023-12-12 18:03:45.659] [info] [console_user_server] Load /Users/sarnobat/.config/karabiner/karabiner.json...
[2023-12-12 18:04:46.822] [info] [console_user_server] Load /Users/sarnobat/.config/karabiner/karabiner.json...
[2023-12-12 18:04:46.824] [info] [console_user_server] core_configuration is updated.
[2023-12-13 12:53:42.734] [info] [console_user_server] version 13.7.0
[2023-12-13 12:53:49.166] [info] [console_user_server] grabber_client is started.
[2023-12-13 12:53:49.230] [info] [console_user_server] grabber_client is connected.
[2023-12-13 12:53:51.786] [info] [console_user_server] Load /Users/sarnobat/.config/karabiner/karabiner.json...
[2023-12-13 12:53:51.971] [info] [console_user_server] core_configuration is updated.
[2023-12-13 12:53:55.627] [info] [console_user_server] Check for updates...
